<?xml version="1.0" encoding="UTF-8"?>
<!-- Generated by org.testng.reporters.JUnitXMLReporter -->
<testsuite ignored="0" hostname="Murali_Nag" failures="1" tests="1" name="Surefire test" time="4.008" errors="0" timestamp="2024-05-04T07:32:33 IST">
  <testcase classname="io.cucumber.testng.AbstractTestNGCucumberTests" name="runScenario" time="3.417">
    <failure type="java.lang.AssertionError" message="expected [Incorrect email or password.] but found [Incorrect email or password]">
      <![CDATA[java.lang.AssertionError: expected [Incorrect email or password.] but found [Incorrect email or password]
at testingacademy.stepDefinitionsFiles.APurchaseOrder.i_should_see_validation_message(APurchaseOrder.java:67)
at ✽.I should see "Incorrect email or password" message(file:///C:/Users/mural/eclipse-workspace/CucumberDemo/src/test/java/featureFiles/ValidationErrors.feature:11)
... Removed 6 stack frames]]>
    </failure>
  </testcase> <!-- runScenario -->
</testsuite> <!-- Surefire test -->
