<?xml version="1.0" encoding="UTF-8"?>
<testng-results ignored="0" total="1" passed="1" failed="0" skipped="0">
  <reporter-output>
  </reporter-output>
  <suite started-at="2024-05-03T07:06:14 IST" name="Default suite" finished-at="2024-05-03T07:06:40 IST" duration-ms="25537">
    <groups>
      <group name="cucumber">
        <method signature="AbstractTestNGCucumberTests.runScenario(io.cucumber.testng.PickleWrapper,io.cucumber.testng.FeatureWrapper)[pri:0, instance:testRunnerTestNG.TestRunnerTestNG@5032714f]" name="runScenario" class="io.cucumber.testng.AbstractTestNGCucumberTests"/>
      </group> <!-- cucumber -->
    </groups>
    <test started-at="2024-05-03T07:06:14 IST" name="Default test" finished-at="2024-05-03T07:06:40 IST" duration-ms="25537">
      <class name="testRunnerTestNG.TestRunnerTestNG">
        <test-method is-config="true" signature="setUpClass(org.testng.ITestContext)[pri:0, instance:testRunnerTestNG.TestRunnerTestNG@5032714f]" started-at="2024-05-03T07:06:14 IST" name="setUpClass" finished-at="2024-05-03T07:06:15 IST" duration-ms="534" status="PASS">
          <params>
            <param index="0">
              <value>
                <![CDATA[org.testng.TestRunner@57f8951a]]>
              </value>
            </param>
          </params>
          <reporter-output>
          </reporter-output>
        </test-method> <!-- setUpClass -->
        <test-method signature="runScenario(io.cucumber.testng.PickleWrapper,io.cucumber.testng.FeatureWrapper)[pri:0, instance:testRunnerTestNG.TestRunnerTestNG@5032714f]" started-at="2024-05-03T07:06:15 IST" name="runScenario" description="Runs Cucumber Scenarios" data-provider="scenarios" finished-at="2024-05-03T07:06:40 IST" duration-ms="24843" status="PASS">
          <params>
            <param index="0">
              <value>
                <![CDATA["As a valid user, I want to purchase an item"]]>
              </value>
            </param>
            <param index="1">
              <value>
                <![CDATA["Purchasing an item from ecommerce website"]]>
              </value>
            </param>
          </params>
          <reporter-output>
          </reporter-output>
        </test-method> <!-- runScenario -->
        <test-method is-config="true" signature="tearDownClass()[pri:0, instance:testRunnerTestNG.TestRunnerTestNG@5032714f]" started-at="2024-05-03T07:06:40 IST" name="tearDownClass" finished-at="2024-05-03T07:06:40 IST" duration-ms="94" status="PASS">
          <reporter-output>
          </reporter-output>
        </test-method> <!-- tearDownClass -->
      </class> <!-- testRunnerTestNG.TestRunnerTestNG -->
    </test> <!-- Default test -->
  </suite> <!-- Default suite -->
</testng-results>
