<?xml version="1.0" encoding="UTF-8"?>
<!-- Generated by org.testng.reporters.JUnitReportReporter -->
<testsuite hostname="Murali_Nag" failures="1" tests="1" name="testRunnerTestNG.TestRunnerTestNG" time="3.417" errors="0" timestamp="2024-05-04T07:32:33 IST" skipped="0">
  <testcase classname="testRunnerTestNG.TestRunnerTestNG" name="runScenario" time="3.417">
    <failure message="expected [Incorrect email or password.] but found [Incorrect email or password]" type="java.lang.AssertionError">
      <![CDATA[java.lang.AssertionError: expected [Incorrect email or password.] but found [Incorrect email or password]
at org.testng.Assert.fail(Assert.java:111)
at org.testng.Assert.failNotEquals(Assert.java:1578)
at org.testng.Assert.assertEqualsImpl(Assert.java:150)
at org.testng.Assert.assertEquals(Assert.java:132)
at org.testng.Assert.assertEquals(Assert.java:656)
at org.testng.Assert.assertEquals(Assert.java:666)
at testingacademy.stepDefinitionsFiles.APurchaseOrder.i_should_see_validation_message(APurchaseOrder.java:67)
at ✽.I should see "Incorrect email or password" message(file:///C:/Users/mural/eclipse-workspace/CucumberDemo/src/test/java/featureFiles/ValidationErrors.feature:11)
]]>
    </failure>
  </testcase> <!-- runScenario -->
</testsuite> <!-- testRunnerTestNG.TestRunnerTestNG -->
